<?xml version="1.0" encoding="UTF-8"?>
<!-- Generated by org.testng.reporters.JUnitXMLReporter -->
<testsuite ignored="3" hostname="DESKTOP-S0N7UVA" failures="0" tests="1" name="Default test" time="12.635" errors="0" timestamp="2021-10-20T09:43:59 IST">
  <testcase classname="TestNG.Activity2" name="testCase2" time="0.155"/>
  <testcase classname="TestNG.Activity2" name="testCase3" time="0.0">
    <ignored/>
  </testcase> <!-- testCase3 -->
  <testcase classname="TestNG.Activity2" name="testCase4" time="0.0">
    <ignored/>
  </testcase> <!-- testCase4 -->
  <testcase classname="TestNG.Activity2" name="testCase1" time="0.0">
    <ignored/>
  </testcase> <!-- testCase1 -->
</testsuite> <!-- Default test -->
