<?xml version="1.0" encoding="UTF-8"?>
<!-- Generated by org.testng.reporters.JUnitXMLReporter -->
<testsuite ignored="1" hostname="DESKTOP-S0N7UVA" failures="1" tests="3" name="Activity2" time="23.073" errors="0" timestamp="2021-10-20T09:54:07 IST">
  <testcase classname="TestNG.Activity2" name="testCase1" time="0.02"/>
  <testcase classname="TestNG.Activity2" name="testCase2" time="0.177">
    <failure type="junit.framework.ComparisonFailure" message="expected:&amp;lt;B...&amp;gt; but was:&amp;lt;b...&amp;gt;">
      <![CDATA[junit.framework.ComparisonFailure: expected:<B...> but was:<b...>
at junit.framework.Assert.assertEquals(Assert.java:81)
at junit.framework.Assert.assertEquals(Assert.java:87)
at TestNG.Activity2.testCase2(Activity2.java:40)
at java.base/java.util.ArrayList.forEach(ArrayList.java:1511)
... Removed 27 stack frames]]>
    </failure>
  </testcase> <!-- testCase2 -->
  <testcase classname="TestNG.Activity2" name="testCase4" time="0.002">
    <skipped/>
  </testcase> <!-- testCase4 -->
  <testcase classname="TestNG.Activity2" name="testCase3" time="0.0">
    <ignored/>
  </testcase> <!-- testCase3 -->
</testsuite> <!-- Activity2 -->
