<?xml version="1.0" encoding="UTF-8"?>
<testng-results ignored="0" total="1" passed="1" failed="0" skipped="0">
  <reporter-output>
  </reporter-output>
  <suite started-at="2021-10-20T10:31:17 IST" name="Suite" finished-at="2021-10-20T10:31:34 IST" duration-ms="16901">
    <groups>
    </groups>
    <test started-at="2021-10-20T10:31:17 IST" name="Activity1" finished-at="2021-10-20T10:31:34 IST" duration-ms="16901">
      <class name="TestNG.Activity1">
        <test-method is-config="true" signature="beforeMethod()[pri:0, instance:TestNG.Activity1@429bffaa]" started-at="2021-10-20T10:31:17 IST" name="beforeMethod" finished-at="2021-10-20T10:31:31 IST" duration-ms="14534" status="PASS">
          <reporter-output>
          </reporter-output>
        </test-method> <!-- beforeMethod -->
        <test-method signature="exampleTestCase()[pri:0, instance:TestNG.Activity1@429bffaa]" started-at="2021-10-20T10:31:31 IST" name="exampleTestCase" finished-at="2021-10-20T10:31:32 IST" duration-ms="827" status="PASS">
          <reporter-output>
          </reporter-output>
        </test-method> <!-- exampleTestCase -->
        <test-method is-config="true" signature="afterMethod()[pri:0, instance:TestNG.Activity1@429bffaa]" started-at="2021-10-20T10:31:32 IST" name="afterMethod" finished-at="2021-10-20T10:31:34 IST" duration-ms="1473" status="PASS">
          <reporter-output>
          </reporter-output>
        </test-method> <!-- afterMethod -->
      </class> <!-- TestNG.Activity1 -->
    </test> <!-- Activity1 -->
  </suite> <!-- Suite -->
</testng-results>
