<?xml version="1.0" encoding="UTF-8"?>
<testng-results ignored="0" total="1" passed="1" failed="0" skipped="0">
  <reporter-output>
  </reporter-output>
  <suite started-at="2021-11-09T09:34:53 IST" name="Default suite" finished-at="2021-11-09T09:35:13 IST" duration-ms="20401">
    <groups>
    </groups>
    <test started-at="2021-11-09T09:34:53 IST" name="Default test" finished-at="2021-11-09T09:35:13 IST" duration-ms="20401">
      <class name="Appium.Activity1">
        <test-method is-config="true" signature="beforeClass()[pri:0, instance:Appium.Activity1@25641d39]" started-at="2021-11-09T09:34:53 IST" name="beforeClass" finished-at="2021-11-09T09:35:09 IST" duration-ms="15517" status="PASS">
          <reporter-output>
          </reporter-output>
        </test-method> <!-- beforeClass -->
        <test-method signature="multiply()[pri:0, instance:Appium.Activity1@25641d39]" started-at="2021-11-09T09:35:09 IST" name="multiply" finished-at="2021-11-09T09:35:12 IST" duration-ms="3522" status="PASS">
          <reporter-output>
          </reporter-output>
        </test-method> <!-- multiply -->
        <test-method is-config="true" signature="afterClass()[pri:0, instance:Appium.Activity1@25641d39]" started-at="2021-11-09T09:35:12 IST" name="afterClass" finished-at="2021-11-09T09:35:13 IST" duration-ms="1273" status="PASS">
          <reporter-output>
          </reporter-output>
        </test-method> <!-- afterClass -->
      </class> <!-- Appium.Activity1 -->
    </test> <!-- Default test -->
  </suite> <!-- Default suite -->
</testng-results>
